*************************************
*     HEADER DESCRIPTION   *
*************************************
Customer: METEOR MOBILE COMMUNICATIONS
Quantity: 10
Type: MULTISIM
Batch: 50

Address1: WAREHOUSE MANAGER
Address2: Exertis Ireland Ltd
Address3: M50 Business Park 
Address4: Ballymount Road Upper
Address5: Dublin 12
Address6: Ireland
Transport_Key: 010
Artwork: EIR_BUSINESS
SIM_Reference: MET PP013_LTE
*
****************************
*    INPUT VARIABLES       *
****************************
Var_In: IMSI/ICCID/MSISDN
****************************
*    OUTPUT VARIABLES      *
****************************
Var_Out: Ki/PIN1/PUK1/PIN2/PUK2/ADM1
***************************************
272030303591458 8935303052410000628F 0000000000 7543B2FB7CD55ED7CA216890AABC85D2 3695 27411302 5101 57826963 E5C0AB76D5EA3137
272030303591459 8935303052410000636F 0000000000 C156A09364E7AD5034F9BA874C4DE947 7990 65688002 9312 78484488 76C9D0CF32335552
272030303591460 8935303052410000644F 0000000000 B78F95F90EF37ACC596203C79C45D9FD 5160 25582202 5623 82993072 8F743A54B8F27C4E
272030303591461 8935303052410000651F 0000000000 B3B3E8F7BE995B165F25EAEDD009CBE0 7118 55334300 2977 92846432 34416C25CA301F85
272030303591462 8935303052410000669F 0000000000 6097860E69FF1ED7EB367AC0E8A16EE3 1302 62905723 8260 22744946 1FDBDC9DA3D2CDB8
272030303591463 8935303052410000677F 0000000000 A7E0F9DDCBB66B96BE41BA0445B2BAAD 7329 61572395 6348 93990807 8AD883C4212E3D70
272030303591464 8935303052410000685F 0000000000 B88BE6B9B0628BC7BB9C5F3954C0888C 2927 79617761 7993 32823751 D031F9ADF95C4949
272030303591465 8935303052410000693F 0000000000 FD536818971B56BE9E6CC0243A526DA1 5664 49344635 2212 64995234 67FF580452F4CAAE
272030303591466 8935303052410000701F 0000000000 47383CE1F01051182FA2B924A2EDFBE3 1335 97650931 1878 23238819 BBA475C714D2E8DA
272030303591467 8935303052410000719F 0000000000 EEBE1AF96D6EFF86052FD7C0D6EF1DC9 4790 22463331 7434 19744073 6F1A5534519A5547