*************************************
*     HEADER DESCRIPTION   *
*************************************
Customer: METEOR MOBILE COMMUNICATIONS
Quantity: 5
Type: MULTISIM
Batch: 134

Address1: WAREHOUSE MANAGER
Address2: Exertis Ireland Ltd
Address3: M50 Business Park 
Address4: Ballymount Road Upper
Address5: Dublin 12
Address6: Ireland
Transport_Key: 010
Artwork: EIR_BUSINESS
SIM_Reference: MET PP013_LTE
*
****************************
*    INPUT VARIABLES       *
****************************
Var_In: IMSI/ICCID/MSISDN
****************************
*    OUTPUT VARIABLES      *
****************************
Var_Out: Ki/PIN1/PUK1/PIN2/PUK2/ADM1
***************************************
272034010446291 8935303052410005536F 850010520 E8624C6A9357CA79F82B9107B6615660 1193 30218164 1362 59063370 605989B4518E07A5
272034010446292 8935303052410005544F 850010521 E7EAE0D2920F457281FDC06961C0519A 7885 70272960 1989 59472958 2E02D5D8C6E61647
272034010446293 8935303052410005551F 850010522 F55A90B487D77D280AD0552BF72ACF01 2801 91607837 3897 27916834 716C882DCF2991E4
272034010446294 8935303052410005569F 850010523 30A9E5F81953E39610F0A7F30355C4CA 2754 39684198 4714 87300094 4D33CE1E06FD496B
272034010446295 8935303052410005577F 850010524 866EC2CAA6F8DD746A9EB6AB27112ADB 2448 31125572 4067 67003650 40D1929D31E82347