*************************************
*     HEADER DESCRIPTION   *
*************************************
Customer: METEOR MOBILE COMMUNICATIONS
Quantity: 100
Type: MULTISIM
Batch: 68

Address1: WAREHOUSE MANAGER
Address2: Exertis Ireland Ltd
Address3: M50 Business Park 
Address4: Ballymount Road Upper
Address5: Dublin 12
Address6: Ireland
Transport_Key: 010
Artwork: EIR_BUSINESS
SIM_Reference: MET PP013_LTE
*
****************************
*    INPUT VARIABLES       *
****************************
Var_In: IMSI/ICCID/MSISDN
****************************
*    OUTPUT VARIABLES      *
****************************
Var_Out: Ki/PIN1/PUK1/PIN2/PUK2/ADM1
***************************************
272039700000210 8935303052410001360F 850010114 4F71E65537D972BC69B6EC80B3A29C44 3221 22707627 2009 80484946 8FED685050A05F77
272039700000211 8935303052410001378F 850010115 6D7B9430754FA6466F92D3F912505A39 8886 76017324 2880 26488820 56B41DDAC2B59572
272039700000212 8935303052410001386F 850010116 92CE2DC9BEDE57278F6A854707ACB3C9 8030 59650433 8529 25045285 C7EAF5EF8D8723CC
272039700000213 8935303052410001394F 850010117 551333E3413B29B9FE814022AD90541D 2107 33054424 9477 65286862 4AAF960E7C548A37
272039700000214 8935303052410001402F 850010118 EAA5EE84E221D497FF611CA8A0039828 1065 20589912 9060 84301158 5C8F9C92A56B9D87
272039700000215 8935303052410001410F 850010119 D538183C9217A212D87414774C66905F 1925 30149559 7474 89691704 92BD91A516633E87
272039700000216 8935303052410001428F 850010120 312EB14EA9F0CE6D6080F77744FE390D 5204 45634229 4660 55210562 DBE4E1053AD7129F
272039700000217 8935303052410001436F 850010121 72009F222587AF9E6794456E11A807D9 6938 28735595 2458 31860971 DD20FC83E365D383
272039700000218 8935303052410001444F 850010122 EF6A30B4E422D10292E5A8BF1C41F3F5 6620 88572781 6613 62229418 3E6C9EF1D5088EE2
272039700000219 8935303052410001451F 850010123 88C3A266AF79AFE14437415C46C6163E 4946 62638244 1634 17893704 E24FF9DAE981E5E4
272039700000220 8935303052410001469F 850010124 1F267C4690369A17936951F9C9886170 6381 56050122 1342 34450654 8092C6D6F57DAD0B
272039700000221 8935303052410001477F 850010125 19B2D7C3A68D8C6F0F9F6473D5162DF3 1864 97715108 9959 79758480 6825ADDBFC6B8551
272039700000222 8935303052410001485F 850010126 3A40085499A7F9048A559FC1D2DAF585 5654 52921286 5318 13392457 98633E01F47E398D
272039700000223 8935303052410001493F 850010127 49F26F1906AF9626B48680512B04B461 6363 58625472 6949 70873738 3585BE9384D2BFF9
272039700000224 8935303052410001501F 850010128 313484B22D2E4C881CCDE7926390B48D 4719 60330441 2366 75853527 6BE481EFEEA85DF7
272039700000225 8935303052410001519F 850010129 8D7481AF2A8691D31086C0D1D4C00B2A 4123 95754872 3968 39923344 D2306D77D99CEBCB
272039700000226 8935303052410001527F 850010130 7DE7315108EEF55EEEEF62C2DCE9B4A5 7230 69875041 9369 18306373 2B5BFF9AD182164F
272039700000227 8935303052410001535F 850010131 67FE2CEF0CCFDB0F495360BD8AA4FC59 7532 88171856 4026 37039008 4C1D3F40C3A8A5AD
272039700000228 8935303052410001543F 850010132 BFCA8344A314477DA18987DB85B9681B 5580 33659097 8649 56663498 7D6F87E30EF22DBC
272039700000229 8935303052410001550F 850010133 F11A53081BD4810C7616F310751741BF 3211 30924119 7335 27095264 62B27EBBF8C18F6C
272039700000230 8935303052410001568F 850010134 775E85FC4D27F58093466208EA37AB6E 8624 53683710 9013 14391418 1CB5CE0ED2A375CD
272039700000231 8935303052410001576F 850010135 40E86F2F20F3245FFD5D8A2C5EC016E7 3843 45149086 9057 27137427 A4936F68004A21A6
272039700000232 8935303052410001584F 850010136 92B451C8B9539A8359C056B897B4B3DE 6996 63413516 8009 13833152 FED314F6C2FB0D5A
272039700000233 8935303052410001592F 850010137 854FFB7D08953501DA989006C4A1F448 9499 49129191 2333 39339876 DCEF8C0B03BB4B89
272039700000234 8935303052410001600F 850010138 D5DAA683A77F8B165B1972776DB5E42A 4261 25016893 7237 96772076 9F2D306873064502
272039700000235 8935303052410001618F 850010139 AB635A45FD4FE06FF2057C9E50BAC1C2 3600 76601030 7223 49804131 15D8B35DAAB86AD2
272039700000236 8935303052410001626F 850010140 830BE72D47910852BFDBA81D7F48DD29 1679 59073132 5434 78707531 31B3E7F50AE12376
272039700000237 8935303052410001634F 850010141 9F4E5FE26EA66CFE8415706680A20FF7 3183 18764745 7597 31604417 5FC94A8C8EA5E893
272039700000238 8935303052410001642F 850010142 ECF9D6EDE2744CAFCDEC09EC1214E31A 1774 39974876 7829 42736406 2AD0F69905C623A3
272039700000239 8935303052410001659F 850010143 5BD9DF5D2334F676D96A232E2D0FE3B9 1451 86398830 4311 86042073 99D6D7C32F954B51
272039700000240 8935303052410001667F 850010144 1524B315B46BD17895EF0DEB0DD1007F 9110 61445927 6292 24213435 A225072502E55CC2
272039700000241 8935303052410001675F 850010145 AADE7659E26ED40772E08799F4B492A7 1318 84804388 9778 30750009 8D190FF515C8B9DA
272039700000242 8935303052410001683F 850010146 A9E5ED78C273FD302A4A61962CE76CE4 9724 74953661 4082 78679216 4E8F88DF9D927E6D
272039700000243 8935303052410001691F 850010147 D66746A9195684BAEA1881C5F64B9D0C 1271 40508758 6760 50156702 57A5EFBE03C0B91C
272039700000244 8935303052410001709F 850010148 F0C67EE5ED4F68984CFD0A254036875B 7786 97729831 4931 70579433 517C0D360C55BEB2
272039700000245 8935303052410001717F 850010149 8E36DEEF1FE4B98892D06E3BA96F3860 8369 11505064 5014 96404654 8423263C29ABF5E3
272039700000246 8935303052410001725F 850010150 CEE531A6E43BA40361C05FAA819B9BA4 9183 40791135 7004 47967429 142A0BC78559E688
272039700000247 8935303052410001733F 850010151 3893CE8CBD42C53459EA379AFEEE6C57 2264 40216724 2632 86648846 80FBAE842235EAF0
272039700000248 8935303052410001741F 850010152 DB3EE4375AA4432531908CEDB41A8ABD 8880 97550491 4609 98183588 C67CC849F6743461
272039700000249 8935303052410001758F 850010153 E60FCC4B9A19627D79072E94BB306A53 6692 31155318 3823 49285296 8C8FADEFDDDFE464
272039700000250 8935303052410001766F 850010154 CC258EB7F7510B45AF04FF956882594F 1402 24832419 2354 39691850 621A4CD354CC66E8
272039700000251 8935303052410001774F 850010155 B5654837EE0DEE3CA0BD5AE00BF1520F 3004 75438586 2109 21786437 5B6B738E0EF4CF97
272039700000252 8935303052410001782F 850010156 8224095CC8BEC3BFE34EB05B7ED1780D 4328 54330768 8874 27503209 DCD2B70716FD6912
272039700000253 8935303052410001790F 850010157 6114B8A1827D7C4880F8BA589BB43F78 5621 59500175 6598 46166961 77BCA763A6CEE9CB
272039700000254 8935303052410001808F 850010158 D0C217257A4ACFB3312CC694CD75376B 9546 16258953 4547 11215481 5615F209206F3F1B
272039700000255 8935303052410001816F 850010159 19D39637187812EC4E12CAE182CD323F 9056 54295954 4099 86644659 30C9758BDC7468D3
272039700000256 8935303052410001824F 850010160 E72FC3DF97EAE5D2423B02888877485F 5575 95822657 7156 89059461 4C179F1D049D6CFD
272039700000257 8935303052410001832F 850010161 90C762CE4D4D4F57054AA48044B17ABA 9861 80546556 3570 52508900 A070AB790A632BDB
272039700000258 8935303052410001840F 850010162 7700B1C987254F6C9408F14736BE2524 4025 22912250 8589 43565511 485B86C407C1E2D0
272039700000259 8935303052410001857F 850010163 E50A86879D5C2F1711E3C70D8192DCD5 1909 27218240 7476 39872803 7E04B91187DB7323
272039700000260 8935303052410001865F 850010164 64C4724BE6DED5D92CF503E98B698874 2162 48315899 4337 14168142 26C147675F3DA78C
272039700000261 8935303052410001873F 850010165 8DFF82AED5278DE91CA8431B22B9A659 2631 93277227 3332 82432627 B9A2496703B18978
272039700000262 8935303052410001881F 850010166 622F9D7F209913198A15D36A87831F1B 6967 23115992 8310 79806247 F244FED887758CA1
272039700000263 8935303052410001899F 850010167 93D747EC90AC6AB0EB9CE0022225EC34 1069 44650569 4965 12850002 E7D3A6BAF3EE8C81
272039700000264 8935303052410001907F 850010168 92B55EB38E652F315CC1EFFCF470ADF3 2046 52774466 2321 84284557 1E90786C4E0C1534
272039700000265 8935303052410001915F 850010169 B1AB35F2A7B3394CB87AFDFC29CBC688 7559 52187346 5368 72208776 7E456C7A318C9019
272039700000266 8935303052410001923F 850010170 C879494DC73C2CC272C417BBE8C7B38A 4901 82539946 3085 31920619 B9CD792FC848324E
272039700000267 8935303052410001931F 850010171 CEBA46CC343A48180BD946F41829BDCF 6921 16018161 4316 51199873 93EE8B04CED34128
272039700000268 8935303052410001949F 850010172 C40693920D5BCF735E377CEC378E4AD6 2046 55451852 2803 22107473 78422344EF758414
272039700000269 8935303052410001956F 850010173 17E148E039320E2DD58DF42E260C682F 4801 61589055 7160 47395515 5F22A71A00EBDC5A
272039700000270 8935303052410001964F 850010174 AB6B504B1DCEA812EAB2D88C17A56C5C 9199 71822784 4448 92791929 149A7D00FA9EDFE3
272039700000271 8935303052410001972F 850010175 BE9A265965D459F72B20B87522506F3B 2342 37499213 2042 41063502 B42D13F8F1DA5AC8
272039700000272 8935303052410001980F 850010176 DCE26D8C6BFC5AC3ED10324D94F4F43D 9274 26649308 5890 87158477 A18F54A36C7B380B
272039700000273 8935303052410001998F 850010177 975BE09242E0C9F10D4BECD01DA968E7 6021 63561763 9078 79622445 F5072DFDB69C9F72
272039700000274 8935303052410002004F 850010178 8EBF538619B8F94FF45D092E0AD2922A 3670 39015054 6042 74363513 7BE9D0B7A627AA6B
272039700000275 8935303052410002012F 850010179 34486CFD0F6D2A04B21501B40F361368 6539 95421300 7031 84080248 AF686AC62429C255
272039700000276 8935303052410002020F 850010180 1F6C993CB3BC01EF892DED8137385A00 4140 94569661 9673 24734661 3E04358D7296DAC7
272039700000277 8935303052410002038F 850010181 2F6F9648A04BC243D732C099BAAB1E7F 8694 74051805 6806 51195212 18EF238C81AEC624
272039700000278 8935303052410002046F 850010182 615B6480BEFAE94B7ED9A6A1B3BF77D2 5973 30517616 9496 60329722 822C60D6E5323890
272039700000279 8935303052410002053F 850010183 66D0921C23F00F14C233F6711678C678 5391 63622822 8604 55432857 AFCE989E6CC3BF62
272039700000280 8935303052410002061F 850010184 E81B0469D9479F2EB9B4DC7883511428 9386 86363996 8681 23232016 F9189646381FFF96
272039700000281 8935303052410002079F 850010185 B046E2123C3C477E83E90A346EE2B06C 2967 83483830 9314 57314880 859C9AD8DEDC0B1F
272039700000282 8935303052410002087F 850010186 A2BF0ACC8922B1ED30CFF43F69C20376 1493 43848511 3785 41703344 989786F24C6E4603
272039700000283 8935303052410002095F 850010187 63D1FF058D4DAFB2CA9591A160D3463A 7557 70916657 6588 48962455 FE48FEA598BA2DC6
272039700000284 8935303052410002103F 850010188 4FC460419F818946D82D0216B06F7A2B 9788 88914366 2364 42455259 49D52663695F467F
272039700000285 8935303052410002111F 850010189 9BA1E1AFCBAAE432B0501E1F3FFC3273 7192 24603805 4225 83873625 A8F7C19FB540BFEE
272039700000286 8935303052410002129F 850010190 28BD10D9A91FEA28B7D51403CDB3A933 3256 64800081 7383 90033562 A2CDBB87634D49EA
272039700000287 8935303052410002137F 850010191 244BB754335F6468813DBA7E8247E22B 5481 13923071 1219 21778612 1F55D955040E0749
272039700000288 8935303052410002145F 850010192 3144F2C4DC627D09E1AFD4F1C5862891 9171 70305401 1617 75858442 66C87DB4A87D301B
272039700000289 8935303052410002152F 850010193 3C62B083EFF5B8C28013028536705494 9353 23700372 1933 48538315 5F0A07E3383F8763
272039700000290 8935303052410002160F 850010194 91B3B4E18ACE0D825477A5FA311B8734 8371 69471883 8452 45132832 7B1DC24577D48652
272039700000291 8935303052410002178F 850010195 6CDA37661D949A37A4C1094E15326BA0 6308 30814026 2975 83839676 1C91E91FF30CB539
272039700000292 8935303052410002186F 850010196 1A8E9E39DF5B6DDA3281570402644D5F 7585 20807897 9077 89274624 922A7F1E22CC886C
272039700000293 8935303052410002194F 850010197 31CB75786DE920479F0F426BBBE8B0EE 1783 45922165 5818 65403582 360F70E894DD9D77
272039700000294 8935303052410002202F 850010198 7E372CFA8E58DD1C367AE7FC377B6317 8052 54781419 2033 16673675 4E660D23BF72FAB1
272039700000295 8935303052410002210F 850010199 7BA69A6653940748360F14744876B838 9622 34015335 6882 89090996 42DBCBEA7786CE5A
272039700000296 8935303052410002228F 850010200 D068B8C2ABF49787359868E75B00EE20 5129 28062108 1383 56384189 65D51C51E491CD37
272039700000297 8935303052410002236F 850010201 4B7D3C6FFF4B24B41D7AC7BE28E9733D 9286 47288658 4157 26708669 F65CB1729011A5FA
272039700000298 8935303052410002244F 850010202 11A6A3D249EF7B5B594EA6BDBA667CA0 2032 32405446 7865 33932596 3400C53F59F77131
272039700000299 8935303052410002251F 850010203 9EA308A47B8CE4887E52046F9BFF1BC9 6356 70226842 5915 71351335 C673914ABCECFE58
272039700000300 8935303052410002269F 850010204 3A443078FFFF48757EB7F2E3F5E14737 8361 59232863 2398 54731636 CE509504492D88F4
272039700000301 8935303052410002277F 850010205 AEA7023693027CF4FF8A946455A9C2B6 7837 46870291 4035 14479638 608D914ECEA4D181
272039700000302 8935303052410002285F 850010206 6C9B61314B915D76F74BA63678165C14 2958 15597155 3982 54521451 19EBC1671AAF17B6
272039700000303 8935303052410002293F 850010207 CE064B9E34FAEA9157B02A234AF31921 8252 93678436 8712 92530859 2E36CD4496E1DC9C
272039700000304 8935303052410002301F 850010208 55CDEFA6D6D2CAAB5777192AD0A39CE5 7029 71661715 9977 20150009 D4D50ECDB8E14602
272039700000305 8935303052410002319F 850010209 24C5F633875FBFF53FFB40514FC4FB8F 9772 49977811 7037 38275370 15D66B7BF875144A
272039700000306 8935303052410002327F 850010210 A376CB80295E8EAC18339BACAF992D2F 7911 37940551 2686 29246493 D5E4A05A2EDD0A74
272039700000307 8935303052410002335F 850010211 BB2467C9EAE9DB3DD97E074DF3A51356 1322 97081733 7939 48372559 8D1E9243480AACD2
272039700000308 8935303052410002343F 850010212 882D712E48987E02CA52D257B2CCB612 5615 10995251 1683 54665179 74A437797F2F820C
272039700000309 8935303052410002350F 850010213 976CC7369BD35AB2AC902A25FE1CE6F4 8305 68769093 8381 75252354 2ABED03C75DE7C86