*************************************
*     HEADER DESCRIPTION   *
*************************************
Customer: METEOR MOBILE COMMUNICATIONS
Quantity: 5
Type: MULTISIM
Batch: 60

Address1: WAREHOUSE MANAGER
Address2: Exertis Ireland Ltd
Address3: M50 Business Park 
Address4: Ballymount Road Upper
Address5: Dublin 12
Address6: Ireland
Transport_Key: 010
Artwork: EIR_BUSINESS
SIM_Reference: MET PP013_LTE
*
****************************
*    INPUT VARIABLES       *
****************************
Var_In: IMSI/ICCID/MSISDN
****************************
*    OUTPUT VARIABLES      *
****************************
Var_Out: Ki/PIN1/PUK1/PIN2/PUK2/ADM1
***************************************
272030303591481 8935303052410000917F           B0C44C911FC34B182CD085189C1F77DD 3589 59848134 1474 30977684 AA3082B8813ABE7A
272030303591482 8935303052410000925F           8AA952ED641EE1599BECC7E33991BA18 7438 38781437 1978 28427840 E5DA6FB23E1B0096
272030303591483 8935303052410000933F           453E22C8C58B276D6D7B565AC95AA932 2949 76358256 2692 69856172 86316EDA3695E421
272030303591484 8935303052410000941F           BA6871CCF2543E51F5A844AE2766B712 2800 16314979 4745 99011208 43FF9644CB7A256B
272030303591485 8935303052410000958F           E10303434F85D5CA09D5D344DA6CA389 6343 66866056 8666 88140224 FCD54730DEFF31CF