*************************************
*     HEADER DESCRIPTION   *
*************************************
Customer: METEOR MOBILE COMMUNICATIONS
Quantity: 5
Type: MULTISIM
Batch: 67

Address1: WAREHOUSE MANAGER
Address2: Exertis Ireland Ltd
Address3: M50 Business Park 
Address4: Ballymount Road Upper
Address5: Dublin 12
Address6: Ireland
Transport_Key: 010
Artwork: EIR_BUSINESS
SIM_Reference: MET PP013_LTE
*
****************************
*    INPUT VARIABLES       *
****************************
Var_In: IMSI/ICCID/MSISDN
****************************
*    OUTPUT VARIABLES      *
****************************
Var_Out: Ki/PIN1/PUK1/PIN2/PUK2/ADM1
***************************************
272039700000205 8935303052410001311F 850010013 AAF7CF4A1A5B0BB22BE3A773820C24C6 7359 47081821 3066 29665873 F029B01842D8300C
272039700000206 8935303052410001329F 850010014 4F0C9C2766D7E22A94D6E4F477F65FC8 4070 57288798 3701 48323921 8AD8543F0DEC49F2
272039700000207 8935303052410001337F 850010015 E206427EFC80D202913E485130A4DE9D 3787 48844080 3542 26588013 9D70CFD93795BBAC
272039700000208 8935303052410001345F 850010016 B020E2AC25FB1470FADA4B581D9426BC 4734 79919331 5836 11557763 B858B79EDB903DF8
272039700000209 8935303052410001352F 850010017 821E700DF80EE933826A319FA86681E5 1895 77599534 3654 96260377 3C6222D12E38AE6E