*************************************
*     HEADER DESCRIPTION   *
*************************************
Customer: METEOR MOBILE COMMUNICATIONS
Quantity: 100
Type: MULTISIM
Batch: 69

Address1: WAREHOUSE MANAGER
Address2: Exertis Ireland Ltd
Address3: M50 Business Park 
Address4: Ballymount Road Upper
Address5: Dublin 12
Address6: Ireland
Transport_Key: 010
Artwork: EIR_BUSINESS
SIM_Reference: MET PP013_LTE
*
****************************
*    INPUT VARIABLES       *
****************************
Var_In: IMSI/ICCID/MSISDN
****************************
*    OUTPUT VARIABLES      *
****************************
Var_Out: Ki/PIN1/PUK1/PIN2/PUK2/ADM1
***************************************
272039700000310 8935303052410002368F 850010215 8509BB95A6C33B4898A34164E76EBFFD 3038 80325007 6381 69013821 2FCD2641AEFF959B
272039700000311 8935303052410002376F 850010216 47ADDEE111D1157A11DD4B5C7FCD6B8A 5531 11336797 1407 42380349 19FE871191C08B5F
272039700000312 8935303052410002384F 850010217 B7EBF74C3A438E843FD5DF3C94AFA7BF 7377 15591168 1759 57412226 173599A58F542F2E
272039700000313 8935303052410002392F 850010218 106D62904E23177BED6D53E41923861F 5128 16840304 5089 66689881 77D929CA4054A396
272039700000314 8935303052410002400F 850010219 EC776F5C1D4AC273493C68F4715D25C3 8248 10470997 8422 83667519 3487F7AD88959033
272039700000315 8935303052410002418F 850010220 7A20C6E376FFBF02F117CBD39115C1B2 3035 98865714 8514 83295522 1BEB505B414EA3B2
272039700000316 8935303052410002426F 850010221 BCAD2E3E6DB776AB993FD6FACACB7B99 5723 92633770 2556 48909980 482A16D787C1546E
272039700000317 8935303052410002434F 850010222 3CAD53DE1EF8B1CA9DEE9A8F9EB73DD6 9210 92249971 3998 53675899 76D28ECF0DFDFC1C
272039700000318 8935303052410002442F 850010223 99378CB715766A32E1B2C6E41C604D4B 3267 39628230 9260 74857842 5A4A6C15917C55B1
272039700000319 8935303052410002459F 850010224 1345981ACFD0567B78B9EA1BB384E36A 9417 96819180 3284 57639554 19A374CDD0178340
272039700000320 8935303052410002467F 850010225 69E112835CD9A90012491DBC13A7A634 5163 97712149 3149 45743157 BCC3FE7F9942D15D
272039700000321 8935303052410002475F 850010226 7EC09BECEE83CE9682A7B22CCAE04317 9825 41129562 8409 45913172 A363B53558A9E159
272039700000322 8935303052410002483F 850010227 212C4EBC31C6EE20BD5EA141C7D711E4 7765 71003572 4021 27728559 3EB75F97DD9B88DB
272039700000323 8935303052410002491F 850010228 994288FA1152B6111CDC2CD07B688EAC 7490 10055167 2283 26315301 1CE6FA4AEC5DDFB6
272039700000324 8935303052410002509F 850010229 EA7313000806437A7FB33A1C08DA7EC9 5076 47493450 8143 83427920 FC46C909A1EB7FE2
272039700000325 8935303052410002517F 850010230 869A2DE2216A37A16300DA57CE7C41AB 5025 34392479 8273 54424247 34075AEB7F8F9CF1
272039700000326 8935303052410002525F 850010231 8A4D0EEFF6D3793CBFF94E5601F73AC1 6155 98904006 6832 85461045 FD7E4D9F409CBAE8
272039700000327 8935303052410002533F 850010232 EDE84ADD3FE3FE473545710D22B12137 8429 99865549 4122 11891576 3C236E1F7006070F
272039700000328 8935303052410002541F 850010233 3728D8169CE51008A7241C78346DF7A1 2083 99579856 3967 97028991 B849E76EEBC20157
272039700000329 8935303052410002558F 850010234 ED704FED37043FC94F2FBE74DD761713 2171 68894707 9778 12016628 DC75C47A1ECD0BB0
272039700000330 8935303052410002566F 850010235 D960EDC3E825C5E8513759D7841CED8D 1232 89334449 1560 35625218 6088ACA6749B6137
272039700000331 8935303052410002574F 850010236 527FCF4EEE996B69AF1F3E05A1F74E3A 2007 84424065 2740 28835037 EDB4A51A15A460AA
272039700000332 8935303052410002582F 850010237 DF104CA39A004678412EFFA81ED55E04 3777 28674962 3174 21227031 A3DC4FB18CEAD8B5
272039700000333 8935303052410002590F 850010238 4F32F679089281EF676B7B6EBEC3D058 8882 85816776 4612 84158478 C7C22D714729D7CD
272039700000334 8935303052410002608F 850010239 22BB8D9125F64AFAB96DC1A7C1BCE20B 1221 98616599 1531 32573729 83FAE106B99C8340
272039700000335 8935303052410002616F 850010240 B82C7914FE6E1935A2D4BE1E7956824D 2533 32276796 3318 13524193 169D8738AA36E24A
272039700000336 8935303052410002624F 850010241 B1DE8FAAA5B2A346C170355ADCD51004 9677 70309982 7915 60106830 D230CF4FECDA6A0C
272039700000337 8935303052410002632F 850010242 3E026281301D527E50558F22B5514F2F 9004 79228227 8970 55862181 935B190BC0E767AC
272039700000338 8935303052410002640F 850010243 444F370F5617DC49E86B5AB3F07F12F3 5212 69292986 3762 29645825 B05530B25607FF8F
272039700000339 8935303052410002657F 850010244 43FEFAB446D985E6A51C2F15D3447BD5 4472 29546168 9278 69818121 D9C524AD39C81223
272039700000340 8935303052410002665F 850010245 E6A8D1FC699DA8B31421273B4962406D 4807 11145524 4449 13805669 23400143D73B3DFF
272039700000341 8935303052410002673F 850010246 63CDE667208C119EED22C35458D81CBD 5807 92148001 5403 60781035 F9077802B9E811BA
272039700000342 8935303052410002681F 850010247 5AA069FE4342BC392D79826A0ABFDFA4 1696 38892700 2142 37496569 4A3DDF2E672E1267
272039700000343 8935303052410002699F 850010248 6A2C538C183A26CD67DDAEDE63D5AD01 2495 44652370 3527 72572059 7C6ED834C5D23EE1
272039700000344 8935303052410002707F 850010249 D20F8B9B17F57957D5F669F387F1C560 8292 45521548 6862 38079396 3CBD24F575A495AB
272039700000345 8935303052410002715F 850010250 BD7F18643FFEFE7C6FAD1266CE7A6430 3568 48375427 9356 95451952 60EA5FE43E7B39E3
272039700000346 8935303052410002723F 850010251 77A06A6934B6BE7A92045E01A174E016 6419 18785221 3089 18987392 9BF5BE2B070A5150
272039700000347 8935303052410002731F 850010252 11582AFC0C5A09A6B451BC7FF50CAAC8 2516 24316727 7768 20275839 99C83D3C02F129EC
272039700000348 8935303052410002749F 850010253 B5C9CD66AC711E3DB3C56C0FBCB73E78 5148 15142664 5964 69343131 383A53CF874F8BAD
272039700000349 8935303052410002756F 850010254 40DB96FE6AC0C3325A0A946D2C9206A4 2655 78436636 7487 88676549 B2C4395CBFE466AF
272039700000350 8935303052410002764F 850010255 ACA05E4646EE7914A76A480EEB6E687A 2329 50598506 6015 96978245 E5E6CE44DB954E6F
272039700000351 8935303052410002772F 850010256 AAA32586D7CE407961AAA5D9C0AAE888 9044 86741412 1183 75158481 6FA1348A03660701
272039700000352 8935303052410002780F 850010257 AC5A6F320034D3DFFCA4ED0EFF8DE007 7992 22557024 1666 14531030 C0E3C379FD1711CB
272039700000353 8935303052410002798F 850010258 62A4026F1A8911F70A4F876BC6492332 5766 14148081 4129 48815974 5DECCF8F521A161D
272039700000354 8935303052410002806F 850010259 610FC5D518EA173734AC4E5B36332F2A 5738 83087317 5265 45433786 8C8CA638B596C299
272039700000355 8935303052410002814F 850010260 2B0E1343C1DEDB97B550942610B8F4C4 9031 90568994 9599 52382944 3DCDC366BEA4D7C1
272039700000356 8935303052410002822F 850010261 F2F41B0F6DA093132DED668E394A6FF0 5354 50156212 2608 53999906 75FF02635EE39D6F
272039700000357 8935303052410002830F 850010262 83EE404C42E739D3EE1C73D61FE6412C 7799 90736274 4718 14732734 2A1A6D84C67A223D
272039700000358 8935303052410002848F 850010263 E9F36B372F186B92901AB065C20CF69D 7610 38328721 7148 77346498 3A25370D90AB95BC
272039700000359 8935303052410002855F 850010264 4B7C2608B2ECDA82D638BD079284293A 7331 69135951 2317 64667998 2DBE301FFDE73A31
272039700000360 8935303052410002863F 850010265 454B0F3C8252036B6B5BA0F7FDF840BE 2283 75494642 4510 31168401 62B3942D8231DC91
272039700000361 8935303052410002871F 850010266 E9CAC9F3AAA4C8B354407730B07B3461 7392 88170910 6841 66105627 55644B1D558D819B
272039700000362 8935303052410002889F 850010267 F064FF089324030D8032CC0AECF21280 5314 42593062 1097 50980213 F14C9E641EAA9808
272039700000363 8935303052410002897F 850010268 391693EE2EC5D404512EF4FC43A34E04 8974 48770402 9054 83524673 465EF1C3BBC9DAF4
272039700000364 8935303052410002905F 850010269 CA54278BC27813C4F3BC36A2DAB91363 7776 95623952 3685 17703987 FE4082BC15B17478
272039700000365 8935303052410002913F 850010270 9DFE4994EC3AFD19032927937D901254 2227 43041603 9594 90456975 43B57045FFDC99C7
272039700000366 8935303052410002921F 850010271 7128F912496C65C5D969F12E34871111 8782 47425178 6382 29546099 6A43C792103AB486
272039700000367 8935303052410002939F 850010272 26AFCB50B905597679B745D8696E0A5A 6140 68601707 4249 37530775 BEFEEB3FB6ADB2FE
272039700000368 8935303052410002947F 850010273 4175D734F86B42F0CA31A502D44B0460 2648 68836000 8659 99814846 3B275B00E03AB12E
272039700000369 8935303052410002954F 850010274 63F5F0C5C13A667373DD3CE4068EF93D 4449 55413125 1635 24539358 AAE9D49B94392609
272039700000370 8935303052410002962F 850010275 E3EF1DF61273930FDA03713B65DCD1D6 1868 67971408 7645 27769376 7B6ED0BE67BF33BB
272039700000371 8935303052410002970F 850010276 28D4346465CEBB01876395E807110051 5748 43807226 2189 55121815 2FDAC87D4DC0A379
272039700000372 8935303052410002988F 850010277 127D5D46C443DC1BB9FA04CCC06DF2CF 8469 85217368 7785 26393143 8B674C5CCB3F4F50
272039700000373 8935303052410002996F 850010278 E8224ECE60605EA30AED4D6320545A5E 9770 81631036 8246 29207424 10C02080FD047711
272039700000374 8935303052410003002F 850010279 2303EBB6771675D1E2BBA00B9DF7924A 1367 55424884 8693 23413299 AFB72DC3E77A5F1C
272039700000375 8935303052410003010F 850010280 3C0F8F7D3383970EB8A6A9551274D2A5 8674 10440589 1838 32135951 18ECF1BA57B728CA
272039700000376 8935303052410003028F 850010281 F4652150C24A71E644850657C3EF103D 2216 52764443 8233 89700292 254562A4E2B6D245
272039700000377 8935303052410003036F 850010282 A2DA9868159A606A75E60492FD4522E7 7811 42794457 9777 37892234 AC2361AAAE80C335
272039700000378 8935303052410003044F 850010283 59D55297EFDCDE2448D249DD390F37F6 8527 47322066 3346 57017254 542EEB9421D3E631
272039700000379 8935303052410003051F 850010284 D0D4FC2D012F95378E9061B3A23B4585 6861 24022355 4286 51278138 1AA7247D93F79FCB
272039700000380 8935303052410003069F 850010285 306FAE0661B80C18434A159DF53FBCC3 8744 83956624 8029 78964018 246CCF75DF73EC16
272039700000381 8935303052410003077F 850010286 F9AEC1F978B322BA597AA04293B35663 9529 24381899 5829 51273247 E20F7B530878CC07
272039700000382 8935303052410003085F 850010287 45D4DB62932967257AFCE739003890F9 1494 89372292 8286 61121949 3467D87C236D00C1
272039700000383 8935303052410003093F 850010288 11FF7F2D77EE2DBC22A33ADE916FAB25 5828 33633278 5675 40009299 6782EFDF85D888B3
272039700000384 8935303052410003101F 850010289 B1EBB075876AC08F4528DE2B3379E357 8138 27561721 8209 46594162 CA43E466CEDE9DB9
272039700000385 8935303052410003119F 850010290 9AB1CD58B710AC2F72D0D078F0D30A26 3859 61296199 4385 33937253 C23414170FF60438
272039700000386 8935303052410003127F 850010291 37FB16704EF4691EB4ABC5E6CD5BBC5A 2304 18556262 4278 89203785 766F0C33BEF06DDD
272039700000387 8935303052410003135F 850010292 619C00CBBB8C5043E6810A7B666F8F82 6755 21828101 2460 62832380 E3212690D42C3B24
272039700000388 8935303052410003143F 850010293 3B57D64627315C64F9D76275A1CBE324 4808 86413493 1253 98676827 FD66B9AACD86C55B
272039700000389 8935303052410003150F 850010294 CF5172009C5CA0BACD37AA6E32BD1975 7338 70382671 2625 33902461 6B3D9A69178D42CC
272039700000390 8935303052410003168F 850010295 8C61ECBE94F825E62F9C3C4F9DDB635B 6215 77794455 9687 72609551 CED30F19C4BD05F3
272039700000391 8935303052410003176F 850010296 647706175D413D3025E00D610340804F 6405 79299080 7493 19473590 431CF1D5C949B03F
272039700000392 8935303052410003184F 850010297 6AB42356EB376D8703547EA218D170C7 6924 45953428 3642 39720090 DD24CB4BD5C13643
272039700000393 8935303052410003192F 850010298 E9A694FF2F9499990949420DBA42911A 7244 65493811 3877 45762553 7187C0752A566A67
272039700000394 8935303052410003200F 850010299 407368EDCE5B1C1F337685EECF055233 9939 45916831 9038 46765997 E10065A8DE994EC8
272039700000395 8935303052410003218F 850010300 A4C8FE7F652C0349B68F7075735E3E45 2002 84216306 8850 44167833 7E5B32EE0A9C710F
272039700000396 8935303052410003226F 850010301 23FC99C56575F688371A4F59C941BD0F 9353 61611207 3756 10515113 624A484E347C651C
272039700000397 8935303052410003234F 850010302 17B9E7AD0F4999DAD341631E52531872 6781 30347489 6384 21411134 4CBD671A72B737A6
272039700000398 8935303052410003242F 850010303 67810A2CD3792A5E2F1B2EDF272743AB 9952 65768800 5964 53099372 F786D5A220A1661E
272039700000399 8935303052410003259F 850010304 D13623F4E91EEC6728103614C5034F2F 2442 63477321 9356 78206094 5044AA8D1C9E4462
272039700000400 8935303052410003267F 850010305 E432CA9B5B94FEF9E86535143946ACE9 1363 43226262 1519 26540556 58D02DB59F0EFD22
272039700000401 8935303052410003275F 850010306 5034844DDBEB72DF10CBEDF49396BDDA 1756 35307391 2182 54273111 14CDB02289D6ACC2
272039700000402 8935303052410003283F 850010307 93CA0535E528E23D2178DFC072DDEA05 5607 64590420 9261 93123757 6F160A5AFAFE639F
272039700000403 8935303052410003291F 850010308 66C43A03BDA3C2032464832BBD65BD08 6247 52112663 9315 55073969 26BD0A9765E4FE9E
272039700000404 8935303052410003309F 850010309 C3304D0EF524E8853E08504F0B7DE622 6502 13259729 3490 99258867 F7BAC4E1EC38BEE6
272039700000405 8935303052410003317F 850010310 9085216EC0F6534FBE2C2A5C0111525C 9549 18958505 8695 35608621 4B04264A5A79F78A
272039700000406 8935303052410003325F 850010311 B44B554D4148846ED983D4A86ACF0416 3754 95962816 2143 29074501 4B07B0E89EE83210
272039700000407 8935303052410003333F 850010312 67F4CD3A42C5F6AB9A078C015F3A0E3B 8196 98558091 5059 79732626 EC606D770E3400FA
272039700000408 8935303052410003341F 850010313 74952DBD5EB9AA8ADFF10E6BF953723E 3864 56839817 4541 64771806 6FACF4CEC279012B
272039700000409 8935303052410003358F 850010314 EA117ED1FB137868C01F1BC46F95BA2D 8922 59085774 9339 23970008 7B15AA3A4F9DC0E8