*************************************
*     HEADER DESCRIPTION   *
*************************************
Customer: METEOR MOBILE COMMUNICATIONS
Quantity: 100
Type: MULTISIM
Batch: 97

Address1: WAREHOUSE MANAGER
Address2: Exertis Ireland Ltd
Address3: M50 Business Park 
Address4: Ballymount Road Upper
Address5: Dublin 12
Address6: Ireland
Transport_Key: 010
Artwork: EIR_BUSINESS
SIM_Reference: MET PP013_LTE
*
****************************
*    INPUT VARIABLES       *
****************************
Var_In: IMSI/ICCID/MSISDN
****************************
*    OUTPUT VARIABLES      *
****************************
Var_Out: Ki/PIN1/PUK1/PIN2/PUK2/ADM1
***************************************
272039700000510 8935303052410004422F 850010415 85EABA845BEDD2B10E97A8A1183992C8 9540 77167657 7307 56425945 ECBD9D06698716D9
272039700000511 8935303052410004430F 850010416 50AFF4540A0B9CB39326E4572A2D5F8C 3468 69059812 1459 58761467 BCAE21EB8A402813
272039700000512 8935303052410004448F 850010417 3F121B06F9FECE6AE0FA8A51E99F4E54 9022 34380947 6774 64994764 D4A85304E076050F
272039700000513 8935303052410004455F 850010418 8D27D50B321425ABF22417E03C0DA172 9812 95159564 7748 64366944 C9355002E3B55F35
272039700000514 8935303052410004463F 850010419 DE0A06C32DDFAC7ACC78DA50202E3CE6 5237 61494366 6608 23184855 4D065B32A52ADEE0
272039700000515 8935303052410004471F 850010420 ABAABE2D74F6407326E7A3C0AD1D6B7A 3770 21956428 9927 85810791 65EA900623BDB95D
272039700000516 8935303052410004489F 850010421 87A786E6C1F95209FFEEAF88A06D3172 6027 20997680 4640 81072624 1E3ADAF8ACF3199C
272039700000517 8935303052410004497F 850010422 9AD561D154BA48AA59BC075D7EC13E00 1407 95011580 8624 78680795 43FA822BD5D18232
272039700000518 8935303052410004505F 850010423 3BF2EF7656E0D24EB5038A12397CC153 2867 20854452 3848 19344184 A700C7CA42949595
272039700000519 8935303052410004513F 850010424 6D87A7415FCC48A9F7CC6101737F4DBA 7924 63867986 1847 60630728 99B864EF618855E4
272039700000520 8935303052410004521F 850010425 C3C3A931A2176D8078CF1D3C2520EF93 1970 44111823 6725 67577880 1836799E68948064
272039700000521 8935303052410004539F 850010426 744B688CC61E53FE2E70A67997587CE5 2812 85062223 9441 81589412 996F84A2C2943131
272039700000522 8935303052410004547F 850010427 92193666E2ADB0CA9AA11762C7F60B86 5858 17584512 7485 99614031 F8D9ADB876ADA3E2
272039700000523 8935303052410004554F 850010428 E14E714DE1B2035A0FA21A66BF2B0EC9 4223 48897358 9453 37531943 A63BF0ED07FF20DA
272039700000524 8935303052410004562F 850010429 38CA313BB2713D63E6456B76F9CD7FCC 2402 12076145 8121 12081911 D97696A543A56B91
272039700000525 8935303052410004570F 850010430 89225E25842EE599B04D5E1BBD54069E 9566 19518424 8680 29366928 17E4AF46A04863A8
272039700000526 8935303052410004588F 850010431 759D6C21B811DA9795D79E78B90582A9 4906 49783790 5906 73672607 D6D33D44701F3D98
272039700000527 8935303052410004596F 850010432 630010A8CED6422660F06CCB69FEB523 1487 89073856 5934 34211334 DC7645D04A6448A2
272039700000528 8935303052410004604F 850010433 92998FECD12E9EEB13DFD7FA6C1F1321 5748 29431832 1979 17263251 6C8058F2A2A51C27
272039700000529 8935303052410004612F 850010434 AB388E7C03C81C3505A39E4237B98493 2783 19415845 8092 60575601 6F52E0CFE1E92469
272039700000530 8935303052410004620F 850010435 460BF8B2714E671D73475CA4B4DE8DA0 5716 42112528 3290 74898135 F2913531E3E78EB1
272039700000531 8935303052410004638F 850010436 8FBF77BDB178F13B62C5444FD2D312C5 2799 25068478 1576 45814659 BEB821C4980AA018
272039700000532 8935303052410004646F 850010437 49893346B721CDC3B02C3785AA1C4264 9855 75579792 1585 96723822 2BB4CDEA50DD5677
272039700000533 8935303052410004653F 850010438 7FB27FD309DF6E3DC177D993349F812E 1895 72880282 7965 90444793 8725718C6CB0DED9
272039700000534 8935303052410004661F 850010439 4F7451F06C0EA877F7461719FF02C4F3 6222 97199385 1124 28683709 9B74FDAAA62BF13B
272039700000535 8935303052410004679F 850010440 C3E1872290F008536EFCF3BD28B59641 3201 40475016 6145 36107498 A00F4171A13FBAD8
272039700000536 8935303052410004687F 850010441 4FFCC5983698882FD31E9F42860976E9 1466 77515270 7254 96924524 6AAB28342C36375C
272039700000537 8935303052410004695F 850010442 FB13CF8ED3BABB8FC22AD6E3253C0D7B 4391 66519915 9125 85499702 14349CC3BC2C5DB1
272039700000538 8935303052410004703F 850010443 639EC383431738E40AFEAC7D8E313C03 9989 77347599 9075 77115823 88138402BE61C2CD
272039700000539 8935303052410004711F 850010444 26DCEAAA4DB2A1C6E1F91CE658D06B3C 4826 87733480 2331 15904350 16FF47E98184CEB6
272039700000540 8935303052410004729F 850010445 6B4A445116E1C5720C62C25D94851D13 4929 42158951 7757 72702606 69840D991466736D
272039700000541 8935303052410004737F 850010446 A12D771B538A269411A0579B1F28DF01 4712 21748398 7980 12922964 BB6CCEB6C33DA2E8
272039700000542 8935303052410004745F 850010447 F3AB7C01119D70C3D42F05ABE3869018 4889 43591678 1065 37742066 945C011B2F38BBF4
272039700000543 8935303052410004752F 850010448 EFF7116326CE1CB5B29E9D29D1B758C0 3758 91531213 7779 51334639 81591DC170B9AB4D
272039700000544 8935303052410004760F 850010449 C59ED3997430B8B4501978A18D791034 3385 43810183 4469 98881680 5A12EB2BCAA9A3BE
272039700000545 8935303052410004778F 850010450 13874E5E3605D7CA5533799A75490179 9864 57618027 8545 11035276 AE17D351B2CF11EA
272039700000546 8935303052410004786F 850010451 B4D92EE91552FE3B131CBFA2B5C52964 3018 13273287 1121 63491823 CE552B58C079CC60
272039700000547 8935303052410004794F 850010452 C14C0E846513E2B11EF9B7787273CB55 2280 90817666 2158 47615828 163BD1DBB3E4A9FA
272039700000548 8935303052410004802F 850010453 A27D05F86296F11CF99245B3B951F7C1 9542 90421314 6531 67731793 37B31063E708F550
272039700000549 8935303052410004810F 850010454 8BAA1EE9714D071C38974798F166DD85 1226 29049163 2378 25158624 CA646946D6CF709A
272039700000550 8935303052410004828F 850010455 D7FDB29AE36DD68D370D04499B5E7FC7 6942 64397612 8600 11148038 43EAA267FA1DAC70
272039700000551 8935303052410004836F 850010456 3D9D50C49AE3753FFA45833FCE51B7FA 5984 14190123 2648 16044466 BAC801EA66F56D29
272039700000552 8935303052410004844F 850010457 466636C76D12FBED3A7FEDC5ACEC1087 8854 93102376 4916 21281629 2DE90DBE6984A3FA
272039700000553 8935303052410004851F 850010458 3F32F3334C9CA4BC514846879C95AF81 6844 99102644 9271 77911003 C4B84F559178DC4C
272039700000554 8935303052410004869F 850010459 CD486FAF4B67BF776CEEE8F7D52C9328 9257 39800573 1733 67148936 625C7B8EAA98C74F
272039700000555 8935303052410004877F 850010460 759DD1692986D87680DBBE1143F9CF90 8158 17487889 8611 98851142 E98ECDD913D88A8E
272039700000556 8935303052410004885F 850010461 9315B9A1D6E26358E86CDB11528119E8 6257 35672241 9316 10180516 6AC4C66DD5C68A56
272039700000557 8935303052410004893F 850010462 7006CD7DDA6248A033126D329AC690D6 6911 93760389 3659 22623468 E3794C9992B81133
272039700000558 8935303052410004901F 850010463 D23256B26DFBF57DE59EA8520D0999C3 6761 26049158 2133 69632134 8B2619F27BA1DCAE
272039700000559 8935303052410004919F 850010464 B1246EC32979A87A6E8CD126574A6FFE 3822 99233408 8995 68411763 DFFCBF3A354FC5CA
272039700000560 8935303052410004927F 850010465 8D04234951F20D5CFD22185C616FEE49 2127 71448131 8100 36552610 487F17804DCA85A0
272039700000561 8935303052410004935F 850010466 2C0878198F6038B31E26D52EDFEA787F 9586 62885304 3055 71485348 81B81762CA4CB034
272039700000562 8935303052410004943F 850010467 4BB5D17323589D9CB5EB5C73C3B6BFA9 6869 49060049 3722 60578616 5C5083797A66C6C1
272039700000563 8935303052410004950F 850010468 B739B6C6792EF293BA35CBA7F39973D9 2180 11025056 8201 49420179 7D6E0E5D510329F3
272039700000564 8935303052410004968F 850010469 54A54C6B86C1DA3F7ECAD24F58B231DF 2264 97036301 1298 18394241 FBA300024E092ED1
272039700000565 8935303052410004976F 850010470 51FB4CEE8354B84A4E481A5A528635EF 8500 71838544 2354 68742121 F1CF1A5D1757BA80
272039700000566 8935303052410004984F 850010471 6137D0C0AC4B6B2132CC051510E3A2D6 8233 60409936 6295 32074081 5567438A80993AAE
272039700000567 8935303052410004992F 850010472 773F5B73D0670958A6053F7B3662CF40 1193 20201629 2514 82591459 7233EEE49336005B
272039700000568 8935303052410005007F 850010473 BF11CA5438A9B55C651E64999EB8B622 2316 55059825 2696 22269155 FF1BF25887143195
272039700000569 8935303052410005015F 850010474 A35AA7820B367639C7559AD62826A2CA 4681 52156347 2693 86190515 1BB89086685C8C5D
272039700000570 8935303052410005023F 850010475 3BF5CF73A30A78C636F8287D5E389D57 3726 49261448 4255 93635838 4195FFB11371D53C
272039700000571 8935303052410005031F 850010476 B0FFF61DC13B7B4E8D44607D789B14D7 8905 87972542 2010 58548193 21775DEC9EDC12F0
272039700000572 8935303052410005049F 850010477 1CA62A7C70FDBA35CC5CEA6B87ED9775 2521 32366321 6820 95151874 12A2A00AC4898930
272039700000573 8935303052410005056F 850010478 A5F8FADAAFCBA5D8D6CE9C560BB7F9AF 1740 51285406 2261 64861139 E15CF6730EB8B6FE
272039700000574 8935303052410005064F 850010479 A6BA6CB5A257F77FCA74C4921900CBD3 3759 53751116 6759 30982537 91273781B7248E6D
272039700000575 8935303052410005072F 850010480 17DD03C2FF62FB79473B740F1071C000 9648 53847604 8290 46095364 F5EE95CD28E7A263
272039700000576 8935303052410005080F 850010481 EF53B02EE8A8AF84F86EAA43C3BD19F8 4140 70388741 4730 81821128 E5B5109591AE337F
272039700000577 8935303052410005098F 850010482 491155AF538D368820FCED6A2DDED2F1 6510 20075176 1558 38604458 A53307E6C2AC0624
272039700000578 8935303052410005106F 850010483 8D5877E1FBD8AD313FA4DEA4E9C1F4AF 7406 97224267 7578 78059664 80664220BC5D2C1B
272039700000579 8935303052410005114F 850010484 C39EFB1DDC151F796735873E57C16FA5 3133 17370170 7907 46943185 AD8B13813C2A9B10
272039700000580 8935303052410005122F 850010485 F1690C35ED1E594A63660488C6BF15E1 9677 60758421 6910 27303700 D7DF0186F53D9E14
272039700000581 8935303052410005130F 850010486 57BD70E35649419FE405D5DF1C979189 3642 55801481 2982 88680882 E207AE86D4AC0514
272039700000582 8935303052410005148F 850010487 681ECFA275665BC9DC009898F51665C3 7931 39963915 9761 73303966 F258672612B8C7EF
272039700000583 8935303052410005155F 850010488 618EEAAEC8F98398BBE9440CD3095E7A 7750 75270793 9717 79178096 6999E633C12B46D1
272039700000584 8935303052410005163F 850010489 DA6496AB2AFAF0A1B5DA58FA057EEF98 9116 66003127 3732 44916880 428DAE63B6A2D95C
272039700000585 8935303052410005171F 850010490 84D0C5AB4A4BA325E46CE52B6440BECC 8701 37931952 2155 43700044 36A522EEFAD6F8DD
272039700000586 8935303052410005189F 850010491 787C9888813F0A150DA846ECBF39BD7E 7279 45603392 7803 24891637 2A12D14C53CFF7B3
272039700000587 8935303052410005197F 850010492 F111B85F4CFF25E0F32F87F4462B2818 4313 94039845 3458 16230092 C1148169A72EB70C
272039700000588 8935303052410005205F 850010493 E9AA014EA2304F07B53DAEAB305F078D 4722 15869131 9125 12433678 99A6ABE466C00639
272039700000589 8935303052410005213F 850010494 7AB309CE33FDC747E0559274BC1CD0DF 2045 29440761 9730 65725318 A5B6E19D098876A5
272039700000590 8935303052410005221F 850010495 BD8E64F30E1AB9D42C0DE1A738FD66B6 6076 28564405 2757 97388401 D5D79D7FCABE5370
272039700000591 8935303052410005239F 850010496 6C38B26C598E90CAAF40956A8DE7573F 8259 15977544 8029 36984099 F7EB6BF65B6C129C
272039700000592 8935303052410005247F 850010497 B8013F01E51E39089F23933FF9608324 2432 97828909 6441 62500096 8B1F952D9DBAF1AE
272039700000593 8935303052410005254F 850010498 DE9A2719F78989DFE39EBDE5A0B502F0 6006 76704917 4128 73535288 D799FA4461500CDB
272039700000594 8935303052410005262F 850010499 EE64E0AD558721D355457122EE63971E 9081 62357669 1003 87810913 A4D3F189591EA89B
272039700000595 8935303052410005270F 850010500 2E14119AC87304916BA2E6330FCB2F84 4218 93445570 7566 29771929 BB06ED7FA019AF2E
272039700000596 8935303052410005288F 850010501 41E8465311B85259ABF394D0E098A31F 8559 43892734 3921 43101578 9647DD94ABACE5BE
272039700000597 8935303052410005296F 850010502 DDADC8F160C2805ADFB5C905CD5A504B 8205 43397673 2682 97171544 EF75A0298F1BF60F
272039700000598 8935303052410005304F 850010503 97F600A8FB9CF4F16ED9F8118FACA76F 2848 39702958 5674 96366447 6C255393960E41D7
272039700000599 8935303052410005312F 850010504 7D1BD619DA472C02036DEAC2F8F7E94D 2838 62351174 9985 64537415 AAC81E60C3A23B27
272039700000600 8935303052410005320F 850010505 9749D745881468E899A3609A5C241CBA 3720 47302773 9215 92989331 381B4396C6DC1C0A
272039700000601 8935303052410005338F 850010506 A9B1BE155D0CC66595806F752B79646C 9802 96811930 9153 75651450 105329991BF8BB49
272039700000602 8935303052410005346F 850010507 B715F7ED83EC78579075B221E61ED305 1842 63043433 6598 75779633 6815A93688EA06A1
272039700000603 8935303052410005353F 850010508 A6DD5C7814A9F9027984B476D6DBF3B0 1430 53930806 5473 45790749 45FA4DB3DA94B4C2
272039700000604 8935303052410005361F 850010509 59980A0C148DEE38D374ADC942739230 2969 40899382 6392 72798017 78FC69AFBD054609
272039700000605 8935303052410005379F 850010510 2CCC6CB5EB8625CDE777F7B49BACA1DD 1956 45095057 7040 18658379 9731CF7E9FC1AC3C
272039700000606 8935303052410005387F 850010511 50C910C8A53EA462FCC455A31B5175DB 7790 42759990 2901 49697515 B5F3994322325FA8
272039700000607 8935303052410005395F 850010512 BB7E1D9B6D98EACC3666CC941BBD7988 5219 79369516 2699 65244505 4EC7449DAC8324C6
272039700000608 8935303052410005403F 850010513 4F5C357846143EEB315D43428BE29937 7291 63875615 4935 40576026 888D7FF9E4230A5F
272039700000609 8935303052410005411F 850010514 BFF34E25CA08BFA63B9C98978F631ABA 8809 60445410 1906 46394143 ACC34C6D3258DE3F