*************************************
*     HEADER DESCRIPTION   *
*************************************
Customer: METEOR MOBILE COMMUNICATIONS
Quantity: 5
Type: MULTISIM
Batch: 59

Address1: WAREHOUSE MANAGER
Address2: Exertis Ireland Ltd
Address3: M50 Business Park 
Address4: Ballymount Road Upper
Address5: Dublin 12
Address6: Ireland
Transport_Key: 010
Artwork: EIR_BUSINESS
SIM_Reference: MET PP013_LTE
*
****************************
*    INPUT VARIABLES       *
****************************
Var_In: IMSI/ICCID/MSISDN
****************************
*    OUTPUT VARIABLES      *
****************************
Var_Out: Ki/PIN1/PUK1/PIN2/PUK2/ADM1
***************************************
272030303591476 8935303052410000867F            1216C1028863818CAC23BBBE65BE1D9D 5936 23889262 2485 25765316 3446DE87BC1229B1
272030303591477 8935303052410000875F            F925C4AF1C922E09D28B462B5DEF5D33 6770 55686034 4122 85193134 F39D72286E988288
272030303591478 8935303052410000883F            A15883700970843C94AB18C920A53895 1956 20463476 2124 77107345 279C6042F348B66A
272030303591479 8935303052410000891F            A1E86E9EC217FD438C2385E4C58535A7 5804 58203259 5111 63058795 F61AE414950AB03E
272030303591480 8935303052410000909F            8C5E2C9D0932CF610AAC54C76AB8AC23 3249 84219549 7487 47536663 68E6B27DDC1E2E10
272030303591476 8935303052410000867F 850000230 54317AE4AE48B0B886EB13F3ED767961 9077 58355695 8480 26936697 970597417D92791A
272030303591477 8935303052410000875F 850000231 DAEF29E0021BD1F1788E0EC298C634B6 6882 32743643 9849 66564486 BD785F1AE8EB790E
272030303591478 8935303052410000883F 850000232 AE1B0E0BC5BFD3F9DBC72599BCB4DBF2 5394 82705725 9408 74951993 102F080C13814FC6
272030303591479 8935303052410000891F 850000233 2DF086A20D1D2BAA242D8E1B8DA10E99 5419 93010370 1579 58607185 E3A0906634C954E4
272030303591480 8935303052410000909F 850000234 4BA6A1C63FEA6DCFE1F5C235A42AB2C4 2071 26620578 8713 25386489 91BCED4208492335