*************************************
*     HEADER DESCRIPTION   *
*************************************
Customer: METEOR MOBILE COMMUNICATIONS
Quantity: 5
Type: MULTISIM
Batch: 65

Address1: WAREHOUSE MANAGER
Address2: Exertis Ireland Ltd
Address3: M50 Business Park 
Address4: Ballymount Road Upper
Address5: Dublin 12
Address6: Ireland
Transport_Key: 010
Artwork: EIR_BUSINESS
SIM_Reference: MET PP013_LTE
*
****************************
*    INPUT VARIABLES       *
****************************
Var_In: IMSI/ICCID/MSISDN
****************************
*    OUTPUT VARIABLES      *
****************************
Var_Out: Ki/PIN1/PUK1/PIN2/PUK2/ADM1
***************************************
272039700000200 8935303052410001212F 850010007 DFBDB2C91F551A972A91E435ACF45463 3149 19828773 9284 14995055 3E713F0C16A331AD
272039700000201 8935303052410001220F 850010008 577246715C1CE03C5480E763C273E19F 8749 64880035 4304 40436356 79DA33651ED10260
272039700000202 8935303052410001238F 850010009 904E8E47FC0AECCE86D3D8B75C089F35 3376 64431499 4358 68087159 3BEA1428F71D28BF
272039700000203 8935303052410001246F 850010010 EEEE38F07358A87B22813C8C03727BB7 7051 85161823 7869 92250175 C5BDEB693AA2A013
272039700000204 8935303052410001253F 850010011 805252E7FE883E32F27186F0B09831AC 7727 47641724 2671 89363693 CB987A8D8CFAE78C
272039700000616 8935303052410005635F 850000017 339562AEFD585D08BA0273A2AE0B3BED 1252 33950212 2421 33950213 A3C95C35E2B7A9CD
