*************************************
*     HEADER DESCRIPTION   *
*************************************
Customer: METEOR MOBILE COMMUNICATIONS
Quantity: 5
Type: MULTISIM
Batch: 62

Address1: WAREHOUSE MANAGER
Address2: Exertis Ireland Ltd
Address3: M50 Business Park 
Address4: Ballymount Road Upper
Address5: Dublin 12
Address6: Ireland
Transport_Key: 010
Artwork: EIR_BUSINESS
SIM_Reference: MET PP013_LTE
*
****************************
*    INPUT VARIABLES       *
****************************
Var_In: IMSI/ICCID/MSISDN
****************************
*    OUTPUT VARIABLES      *
****************************
Var_Out: Ki/PIN1/PUK1/PIN2/PUK2/ADM1
***************************************
272030303591491 8935303052410001014F            6D1C0F7990CA152EB5CF9AB345508B25 6957 14722088 2966 49780923 644D2DB0A118C51B
272030303591492 8935303052410001022F            35D8B97773B25CE04E81F2DBD2265BBC 9553 26023989 3087 98234185 DFDC8521963F5913
272030303591493 8935303052410001030F            90A29FC8D2D7415E3FE913492E201478 1239 72792406 8077 36698597 287BC05536AEA269
272030303591494 8935303052410001048F            794F430FC7580A4875073553090AC9AC 6505 93678682 5226 34296453 62D21EA786686D62
272030303591495 8935303052410001055F            5DAAB228BAB7E44A755E011389688418 6551 51683358 9650 18918804 498C1C55C44281C2
272030303591491 8935303052410001014F 850000246 162EA11373FAA43A33F7597799344FD9 4257 66679273 9325 76360814 A1470A9F8F0E4296
272030303591492 8935303052410001022F 850000247 7556ED9E63FDD42A1625271C33C5E0F4 7461 27750708 6426 26464738 A697E96C32CA698F
272030303591493 8935303052410001030F 850000248 93ED70E4837F8AC8F04C1C75959C3877 8699 25621421 1167 87125246 EC2C686BA4F2BF1E
272030303591494 8935303052410001048F 850000249 370F6E787DBBBC368E9536DD3142B2DF 7601 97717517 1879 28814987 3F725F1A8DA72853
272030303591495 8935303052410001055F 850000250 4ED4EE291B068AA15C8F62D39F42D2D6 1920 81420261 8046 24846390 140FE4206E52E4CF