*************************************
*     HEADER DESCRIPTION   *
*************************************
Customer: METEOR MOBILE COMMUNICATIONS
Quantity: 100
Type: MULTISIM
Batch: 70

Address1: WAREHOUSE MANAGER
Address2: Exertis Ireland Ltd
Address3: M50 Business Park 
Address4: Ballymount Road Upper
Address5: Dublin 12
Address6: Ireland
Transport_Key: 010
Artwork: EIR_BUSINESS
SIM_Reference: MET PP013_LTE
*
****************************
*    INPUT VARIABLES       *
****************************
Var_In: IMSI/ICCID/MSISDN
****************************
*    OUTPUT VARIABLES      *
****************************
Var_Out: Ki/PIN1/PUK1/PIN2/PUK2/ADM1
***************************************
272039700000410 8935303052410003366F 850010315 4ACF4AA559414798C5747FF33137C0F8 6053 45212543 3035 45965149 DA70DB27F4FEC474
272039700000411 8935303052410003374F 850010316 317EADAC8E77C9E6B20EF02795580FE9 6671 31678375 7041 57927875 D19EC54BB76827E0
272039700000412 8935303052410003382F 850010317 27B74C52B4278F3FF876735CA5374AAB 4573 71469144 3724 83703269 23B207B4B7948462
272039700000413 8935303052410003390F 850010318 837D832D89CE91909152A4026F29EFF7 1647 90407412 9074 64615825 2D254E9CDA31130F
272039700000414 8935303052410003408F 850010319 8C64F126F49DCA034F1C389F90727CDA 9878 63290850 4151 11549802 EF51AC43296C7539
272039700000415 8935303052410003416F 850010320 FDB946E455E4B68C20CEC1004A2FA3C3 8093 22217136 1030 27512679 B3BA06713CA5C6A0
272039700000416 8935303052410003424F 850010321 9025D2D570F2E7930B42DE00B8C6CB95 9689 72941218 7682 43302689 30255767664F35B7
272039700000417 8935303052410003432F 850010322 635964F5C44B9995BFD50E500E27DEE0 9927 85517802 6372 96696202 F7BABC60674754CF
272039700000418 8935303052410003440F 850010323 506CE29C6026BBDFAB236FF7557276EF 7428 22370952 4031 98555315 2699595A45F8B382
272039700000419 8935303052410003457F 850010324 B2942B51BBB3FA6ADF4FB7370A52C144 2424 31177835 3751 34290455 44E96BA2E47325CA
272039700000420 8935303052410003465F 850010325 C3B1EAF1EC54AC71A461C84287FBF755 7266 19362425 7873 89392667 5D14C866E38D65C5
272039700000421 8935303052410003473F 850010326 DCE755DDF526F75E0AC172197398F2C4 1329 35296607 9425 27444911 D94BBCB6FEA17D28
272039700000422 8935303052410003481F 850010327 18F296234A6EE8B6FBE3CB0207963F9A 6578 69426203 5369 13905546 F7D30FEDB0A0569F
272039700000423 8935303052410003499F 850010328 9D012AB0DBA5C64B9F5BD18700758CE9 9440 81617575 4147 54061572 44FDF8AD8FEB4151
272039700000424 8935303052410003507F 850010329 BE545F9CFAB1392206946B8583C8546D 6245 25050151 6427 81117069 69DD911538478995
272039700000425 8935303052410003515F 850010330 167957042EF4EF88BD737A162B2E9AF6 1079 96610820 9449 16002309 34C205A7BD223CA4
272039700000426 8935303052410003523F 850010331 7731098BE6431DBB0730637A29B6B502 5182 43398619 7933 46963015 52BAF63B5D510592
272039700000427 8935303052410003531F 850010332 2A35BF6E53513220D22E9FD81799238F 3504 48507076 1390 10199767 DC580724BE5F4109
272039700000428 8935303052410003549F 850010333 2110AF9F50997324FDD858E21DB0DE40 6524 51389920 1449 17543790 53F39D7878954F58
272039700000429 8935303052410003556F 850010334 34001AF575EFD633A7A80BDCC4564811 7524 85023770 4140 79973489 26336F53153075EF
272039700000430 8935303052410003564F 850010335 7D292D25234B14406BCFC8B7D9493395 7455 78991372 1902 91068181 76D0E1593712C952
272039700000431 8935303052410003572F 850010336 909263D45DC2055C91AAF4A0E2D33F68 6226 91366103 9934 49240283 8A6130B8BB5C3844
272039700000432 8935303052410003580F 850010337 B20B7DF9EFB4BE2BA977AD497B6F8C66 1187 17495851 8779 15912994 6904A2862BB520D8
272039700000433 8935303052410003598F 850010338 136C113E9D289C92F94297B960A959EB 3755 57424896 6626 56644792 E6ABBDAD872CA0E1
272039700000434 8935303052410003606F 850010339 C8C1475624968EA763932CD12B35E1FF 8353 59765340 8520 87487325 46396A89E48F94D9
272039700000435 8935303052410003614F 850010340 C9B6C06B0EC57C5AE2F97E4E75B69E3D 6842 24419008 8533 33613223 4D27E8E9CE470164
272039700000436 8935303052410003622F 850010341 5342B2982D67A64D287443DC6F5E4C39 6585 77574262 1361 90742800 2A0E2DFD5AFB105E
272039700000437 8935303052410003630F 850010342 1335BDC42B40798403C8652CACE1A16B 9933 61954301 4433 23142425 B8A610B512D0D39E
272039700000438 8935303052410003648F 850010343 54273452A08B5814C3DD56DD199A428F 6615 75214289 5054 58275544 467C0FE29A556C42
272039700000439 8935303052410003655F 850010344 CE523312E877CD8B4183AA4FB047918A 8013 53781942 8225 99164878 9ED9489E17837228
272039700000440 8935303052410003663F 850010345 F0EE69F4E13CA07E55FEEBDA9514A7A8 2618 83688074 9352 62874729 BE88A39C03B8A922
272039700000441 8935303052410003671F 850010346 F1C5E1C8B26A1D487BF5B3A1B3C5FE7D 6423 85241709 5355 15941185 61DF7EEAC4728C75
272039700000442 8935303052410003689F 850010347 6B12DC1BD393498B4C7088AFEF525A9E 4207 24630185 8776 94846060 AD118642FAEFBFBE
272039700000443 8935303052410003697F 850010348 4B4710EEE84F0425FEE82B59C3DA3BB7 1458 41464658 2739 58706661 6214A5EF406DE377
272039700000444 8935303052410003705F 850010349 68F02D70E6A8C2496FF07722FD299938 4762 87686177 9111 48137096 4E4AD132E90CDDA7
272039700000445 8935303052410003713F 850010350 F1D92CE6B4594C4E80C1B00565866D78 5604 92586788 6055 83870064 D93C799413AEC2E9
272039700000446 8935303052410003721F 850010351 CB3F8A447EF23061428A28181D8F5590 9415 93245621 5754 84606928 5EFD78F3878966E9
272039700000447 8935303052410003739F 850010352 D409B7F3C596346178B3DACA2ACA45B9 8667 51285105 2838 62483950 3ED11991547F0DD0
272039700000448 8935303052410003747F 850010353 7283951DC83752FE2EE59D14067F7E0A 1937 69153410 9306 12365156 1A36767D61ED1361
272039700000449 8935303052410003754F 850010354 36F5758FFA6BA2C6B914323C5F640E73 1110 72697714 9105 88092548 8B5F7ACA8D5B7A68
272039700000450 8935303052410003762F 850010355 F1DAAEAF1C2BCF9E394A029726D78E75 7194 50998840 8669 29409348 FB033A1BDD4CE6DF
272039700000451 8935303052410003770F 850010356 342F2561215A3F8A1751B789DF408826 4093 22259627 7879 87242319 7E801C01EB032382
272039700000452 8935303052410003788F 850010357 5FC3AD645B58912B9DF9B4490863D4A2 5871 52418298 8568 72657140 13543B85FAD71B86
272039700000453 8935303052410003796F 850010358 4BA87A8FFFFA2BF634C03CFF9AE03072 8490 84568542 3806 82407538 F49A87BF19599902
272039700000454 8935303052410003804F 850010359 FA992B99E8BAA725998BD76E68785738 4385 34003811 2475 15591169 2A083B0D66E1C0C1
272039700000455 8935303052410003812F 850010360 A6E6D6C7D44DEB3EA55E8316A5D9BECF 8345 36023962 5603 22365699 BDE6E1641E1E35B3
272039700000456 8935303052410003820F 850010361 582F4F6A181B7BAAB9D1FE96C2DE2817 5625 29777069 9386 79684039 135F59169226D535
272039700000457 8935303052410003838F 850010362 6715BF336571AE5D30688E193AF60477 2672 36253196 1512 40167508 2D5C296513737AD4
272039700000458 8935303052410003846F 850010363 E4A386A2C101E0608B69A33FFF0BB290 7085 10297297 3054 75198152 9D6450ABDBCB5924
272039700000459 8935303052410003853F 850010364 AD652E065DCC31A91425DBC7397195E8 6938 21386747 6670 96613629 78727AE0D36C91C1
272039700000460 8935303052410003861F 850010365 503473571C964550E97DAD4F214A5A07 5990 57991321 7382 23677909 CD94E1FA42B6FA54
272039700000461 8935303052410003879F 850010366 54376998C7745E758464F6BA3F84A552 5215 33427505 7548 45387223 4024D731AF95BEB9
272039700000462 8935303052410003887F 850010367 1FBBB125BAB2429DA9092BE2E0633A20 4402 88480030 1312 78437227 178667A3CD602B49
272039700000463 8935303052410003895F 850010368 2FAA93ECB5BDF59CAA46D8F5C253EEB6 8561 91240343 6860 36082607 50EC2D59807A2CE1
272039700000464 8935303052410003903F 850010369 9F63891CAD505553B868E7896E07034F 9075 92220349 8818 75920658 DA43EA260C210571
272039700000465 8935303052410003911F 850010370 5EFCF47D979131A55ED0F0658A760C1C 8853 38323690 1273 33959727 4153CE3692938C28
272039700000466 8935303052410003929F 850010371 6FC9A4949259CFC56332FACD22BAE000 9881 45206157 3910 62510392 8730C89CECA264A8
272039700000467 8935303052410003937F 850010372 8D844D7B2A7DE63DA4F8B0BEB675C8AC 4016 36694244 5535 98269470 7BE3C07A60FFCD18
272039700000468 8935303052410003945F 850010373 F492EB6254D999C0291B10688240CF2C 5404 12988446 9277 92941560 801C000269354A6A
272039700000469 8935303052410003952F 850010374 E1654860AF97393A808AACCD350D48EF 4248 68506235 8959 44342084 1DFC5450B438CCDE
272039700000470 8935303052410003960F 850010375 24980D055860A7C3B8EF267641805184 7940 47573453 7770 74983843 A2AB22ADC5047E0A
272039700000471 8935303052410003978F 850010376 1C4E52C2EB5B951CBC065836CDA34CB1 1981 78860234 4573 77112195 22E262FC3473EC61
272039700000472 8935303052410003986F 850010377 285380DB275F55A08BE42143C691542B 4523 39907759 7181 18014020 6D1D936A72CBC15E
272039700000473 8935303052410003994F 850010378 14430ED87DC4F608C4A60CFD9E0B8BC9 8451 50925115 3881 42373160 51AF1AC041A6BEBF
272039700000474 8935303052410004000F 850010379 E9FCFEF76527046AF9B75BC61A7B10C5 7215 71834250 7687 79753154 F6C2B46E3631DE2F
272039700000475 8935303052410004018F 850010380 A692A6D9A532CF52162F53D681B31AB6 9265 77113104 3661 47061121 B0C5EB8F4AB8FB94
272039700000476 8935303052410004026F 850010381 40FE0EC31A5F9B8137B47FC9B5ABDA29 2757 43264212 3300 26100374 96853A0F669C1B23
272039700000477 8935303052410004034F 850010382 BC1EB4F2F7BDC36111038E3CA2FB0CAA 1324 98671130 6088 12884031 6E6478FA286CA0D8
272039700000478 8935303052410004042F 850010383 9F4AAB6CCAC8AFA509DB20CCDF4D3690 6545 18792253 5026 71073083 4467C319B48161FB
272039700000479 8935303052410004059F 850010384 6F9623E3EC873B1AEDF88F5E0189EA40 7163 68962158 2278 21127254 B7670041A25CC9E1
272039700000480 8935303052410004067F 850010385 ECCE9332D80080C4A181AC73A87D099F 7326 75075964 4481 84974312 6E235A6F45E4BF1C
272039700000481 8935303052410004075F 850010386 4BCD24421E6FA27D5A0AE62B2408F193 7338 57325649 2497 55853839 A1F7174E1E1086E9
272039700000482 8935303052410004083F 850010387 3E156C8FF6F88B2BE0BEE87A82AE041E 4564 50377482 3696 19616950 88943C8C5D80329F
272039700000483 8935303052410004091F 850010388 264EF52EFB1BF681CBF0B2CF5D987DDF 4875 62654671 3658 59352068 8DA8323EF0E2F4AD
272039700000484 8935303052410004109F 850010389 982D2D5984086206839CB178445EF45A 2961 92161265 7886 71854818 4F7580166A1E5627
272039700000485 8935303052410004117F 850010390 87168C65BE1C6F14A51351EABE2E654B 5266 58384362 8760 44278151 711828DB45318BED
272039700000486 8935303052410004125F 850010391 AF9F756F0268C38A7B2F684246F36F3C 1223 28708974 5702 37358715 FDB5D3B546C07F96
272039700000487 8935303052410004133F 850010392 8B3DCFBE10772E0111E94CEC55DD005C 4332 53590119 8423 59551798 C2E09373BC0582B3
272039700000488 8935303052410004141F 850010393 91AFA03AF01B87DA06F66178E8390BFF 5902 62727750 1077 66590787 54CA38656EBA77B1
272039700000489 8935303052410004158F 850010394 278DE71C046E79EFF77477F1134727D7 2178 91289603 4940 59324812 1B717E8BF5540680
272039700000490 8935303052410004166F 850010395 97558B1DCB5B6B7C7FDA615CA499CDC8 8695 88337307 9313 50657260 F0AABB01D3595028
272039700000491 8935303052410004174F 850010396 A797C0963218F1939060ACC3BDBF123F 4401 75464575 7230 56975153 CFE7B1DC55D1DF8F
272039700000492 8935303052410004182F 850010397 544A4D85FC041812F8A0FA106BEED6C6 6117 12938465 8433 28717508 3F5E54C47F0EBBAA
272039700000493 8935303052410004190F 850010398 656931102BC2C8C777B5E43C9CDA32E2 8694 44875818 2249 40315617 41386F67D40BA455
272039700000494 8935303052410004208F 850010399 B7729390034B63FD314A4A5CBBA7653A 2757 12939594 8609 27230345 4EBF9D3430FA6188
272039700000495 8935303052410004216F 850010400 D17DDE69FD82861FB5997EDCFB61EDA9 5782 85967979 6870 12485375 E62E00BA8E2171C1
272039700000496 8935303052410004224F 850010401 17FD8EDB9864A61E173EA549CD95BDE6 9332 37135222 2160 69782422 777614987277359A
272039700000497 8935303052410004232F 850010402 6CF7200180193ABA12222637F5E95993 5397 43699820 3823 34569757 EF4A7DE6C4237DDA
272039700000498 8935303052410004240F 850010403 3785383E2D39A11DFC0D29611A31E9A4 6171 94494958 6959 88688367 BF85C89D3A4124C9
272039700000499 8935303052410004257F 850010404 EE8ED6715352C1B825DB25BEA6ECD375 1377 85420049 3167 55828730 93C17DBBD0B1DB55
272039700000500 8935303052410004265F 850010405 3C880367A23038A1EC74CC25F03473BF 8569 49863577 8819 79702628 AE20DD2C1D7026D8
272039700000501 8935303052410004273F 850010406 3D41CEBE3A48D1B084C1A2BC6155BE69 4964 32797773 1034 23663518 7EBAE9D55AEAAD3D
272039700000502 8935303052410004281F 850010407 9FA8AA7D8046A87C3147AB812A66E656 8730 63757500 6429 58317225 62FB611C12F66509
272039700000503 8935303052410004299F 850010408 2AF3E6AACE95D77F73DDCDB0AECC69AF 1117 28843167 4872 71562596 79569A37DA93DB16
272039700000504 8935303052410004307F 850010409 B83C65101F3CDBD16CDB035B2BFDFCA2 4470 33172017 6306 76963141 25086500C31ADD2B
272039700000505 8935303052410004315F 850010410 D4AF4085BFDDEDA4CF261548E91C2064 7893 59939841 7610 83838390 4657E508C3BD0820
272039700000506 8935303052410004323F 850010411 EB0236A1DAEBA80ACD98B1FADDCB7DFA 9213 27624476 2969 46641885 88CF359D44820BFD
272039700000507 8935303052410004331F 850010412 36D8F07EA58ACDC60BB44AE72E46A1B8 3480 19185109 1684 62052834 4DC4EA11619509B9
272039700000508 8935303052410004349F 850010413 9EF7EAE0AA3643938953CFB1F5F01B14 1772 66436306 1627 42930781 C2797B53A88FB856
272039700000509 8935303052410004356F 850010414 4A8FD60401743FB38B4E0CC09334A769 7629 34785297 3729 21608309 F99DE5C87C36EF48