*************************************
*     HEADER DESCRIPTION   *
*************************************
Customer: METEOR MOBILE COMMUNICATIONS
Quantity: 5
Type: MULTISIM
Batch: 135

Address1: WAREHOUSE MANAGER
Address2: Exertis Ireland Ltd
Address3: M50 Business Park 
Address4: Ballymount Road Upper
Address5: Dublin 12
Address6: Ireland
Transport_Key: 010
Artwork: EIR_BUSINESS
SIM_Reference: MET PP013_LTE
*
****************************
*    INPUT VARIABLES       *
****************************
Var_In: IMSI/ICCID/MSISDN
****************************
*    OUTPUT VARIABLES      *
****************************
Var_Out: Ki/PIN1/PUK1/PIN2/PUK2/ADM1
***************************************
272032060037007 8935303052410005585F 850010525 A918B39C010159511CC331802376993F 9571 53316759 6797 26194124 B053EA4FE8BF279C
272032060037008 8935303052410005593F 850010526 58AE2E06896B7D11ACC74A0992F143EE 4836 57216522 4933 94601539 38DF4D2E6499C39F
272032060037009 8935303052410005601F 850010527 DC2A359E94EFB5E645AF407C44B11C35 5123 35767129 3615 94399974 A46AD387F44E939B
272032060037010 8935303052410005619F 850010528 9F7BEA35CAE9725FB29F19D1A63F51C0 4133 22265585 7938 44093738 9A90DFE83B8B7A06
272032060037011 8935303052410005627F 850010529 CF97871195A46D3BBDB7018591010795 2383 52648044 3559 28534815 A64D31172F8BF944