*************************************
*     HEADER DESCRIPTION   *
*************************************
Customer: METEOR MOBILE COMMUNICATIONS
Quantity: 5
Type: MULTISIM
Batch: 66

Address1: WAREHOUSE MANAGER
Address2: Exertis Ireland Ltd
Address3: M50 Business Park 
Address4: Ballymount Road Upper
Address5: Dublin 12
Address6: Ireland
Transport_Key: 010
Artwork: EIR_BUSINESS
SIM_Reference: MET PP013_LTE
*
****************************
*    INPUT VARIABLES       *
****************************
Var_In: IMSI/ICCID/MSISDN
****************************
*    OUTPUT VARIABLES      *
****************************
Var_Out: Ki/PIN1/PUK1/PIN2/PUK2/ADM1
***************************************
272030303591496 8935303052410001261F           410B6B4C07AFBD4EA5D3ED9D855E4061 1971 53673499 9313 75446375 181D0C3AA58B1640
272030303591497 8935303052410001279F           D51DCA8175959B69DAEB761D1AB651BB 1852 38116683 3473 99188763 4BC249AD739658E5
272030303591498 8935303052410001287F           2AA1069E4AC8EAD761FB8B75B2696A9C 8016 32626012 2879 40684784 80ADE66BBAC67989
272030303591499 8935303052410001295F           CC777391B127CB947D0C7E6D505EE7E0 9941 96797291 6263 28704585 F535DA01BF2BF8DE
272030303591500 8935303052410001303F           7D0F66C62B2124F2B1DAD3FA5A1D94B4 7491 30569091 5975 52535992 F1131002CEBC316F
