*************************************
*     HEADER DESCRIPTION   *
*************************************
Customer: METEOR MOBILE COMMUNICATIONS
Quantity: 5
Type: MULTISIM
Batch: 61

Address1: WAREHOUSE MANAGER
Address2: Exertis Ireland Ltd
Address3: M50 Business Park 
Address4: Ballymount Road Upper
Address5: Dublin 12
Address6: Ireland
Transport_Key: 010
Artwork: EIR_BUSINESS
SIM_Reference: MET PP013_LTE
*
****************************
*    INPUT VARIABLES       *
****************************
Var_In: IMSI/ICCID/MSISDN
****************************
*    OUTPUT VARIABLES      *
****************************
Var_Out: Ki/PIN1/PUK1/PIN2/PUK2/ADM1
***************************************
272030303591486 8935303052410000966F            28AAE8C8C7E4D5F67EA1A84E11F9E927 7222 77118626 1330 26968125 853A07AE4BC81B97
272030303591487 8935303052410000974F            DDDA9985E76531F6610D8D85D4EFCC21 1604 46017780 4205 80744734 EADB2A17D611687C
272030303591488 8935303052410000982F            AABF14880B1F1BD9CB76D929FD977B6E 2686 86047890 3477 48382843 AB51263A63DA0D47
272030303591489 8935303052410000990F            55D6EB88A3488E78EF5F219704A217B6 2825 11643307 4014 26836742 E73819370C92EE93
272030303591490 8935303052410001006F            4691A238E6E465F252B0AC633E569B55 3445 74336263 4698 34533586 AF4AEBB81B916BA7