*************************************
*     HEADER DESCRIPTION   *
*************************************
Customer: METEOR MOBILE COMMUNICATIONS
Quantity: 5
Type: MULTISIM
Batch: 63

Address1: WAREHOUSE MANAGER
Address2: Exertis Ireland Ltd
Address3: M50 Business Park 
Address4: Ballymount Road Upper
Address5: Dublin 12
Address6: Ireland
Transport_Key: 010
Artwork: EIR_BUSINESS
SIM_Reference: MET PP013_LTE
*
****************************
*    INPUT VARIABLES       *
****************************
Var_In: IMSI/ICCID/MSISDN
****************************
*    OUTPUT VARIABLES      *
****************************
Var_Out: Ki/PIN1/PUK1/PIN2/PUK2/ADM1
***************************************
272039700000195 8935303052410001063F           188762AEFD585D08BA0373A2AE0B3BED 9695 28526162 5646 34650558 A7C71C35E6B7A9CD
272039700000196 8935303052410001071F           2F763216A3F80EF023A1D553B085E937 6349 61864761 5752 26498311 80AD9284E40300D5
272039700000197 8935303052410001089F           8E7C47D52721E47A39C0C75519072D66 1331 20676846 8612 96954562 F67F2718EEFBBC03
272039700000198 8935303052410001097F           666391EAB258F55D82703F2E30DB5B14 4075 82045203 6828 65573008 BCA8E2751F332223
272039700000199 8935303052410001105F           F14654B78D6617E269177923227F2245 5363 56998606 2073 18295203 3259BF71727D1B0C
272039700000195 8935303052410001063F 850010001 942DCBCB9B19654AA6DB7F59E56B19D5 6112 47650035 4317 45656523 30228C7D56742282
272039700000196 8935303052410001071F 850010002 41C316A162F58DEF57ED957DCE8F63DE 4830 81343880 2502 69324351 E999B51D0A2E6B3F
272039700000197 8935303052410001089F 850010003 57135275BAA3FE97BAE8AE1DD53F3A0C 5859 19217924 7059 59498270 F1C5CFB89E3D97B1
272039700000198 8935303052410001097F 850010004 944023B250D2BD7BFA5EC2AC7C74A910 4715 19711190 9969 48946415 593BFAE164D43690
272039700000199 8935303052410001105F 850010005 6C2365B7CD2AE8AC5FAA1F66251331DE 6393 89419031 1561 71110319 49C4D0B1AAF51269