*************************************
*     HEADER DESCRIPTION   *
*************************************
Customer: METEOR MOBILE COMMUNICATIONS
Quantity: 5
Type: MULTISIM
Batch: 133

Address1: WAREHOUSE MANAGER
Address2: Exertis Ireland Ltd
Address3: M50 Business Park 
Address4: Ballymount Road Upper
Address5: Dublin 12
Address6: Ireland
Transport_Key: 010
Artwork: EIR_BUSINESS
SIM_Reference: MET PP013_LTE
*
****************************
*    INPUT VARIABLES       *
****************************
Var_In: IMSI/ICCID/MSISDN
****************************
*    OUTPUT VARIABLES      *
****************************
Var_Out: Ki/PIN1/PUK1/PIN2/PUK2/ADM1
***************************************
272030303591502 8935303052410005486F 850010515 8DEEA387CB58CBDE2163549B2FFF7E77 3379 92329049 9158 44157409 B1F5A5EBAFB5759B
272030303591503 8935303052410005494F 850010516 F637D6B98180D8BB4AEF52B9C80D96C8 2671 53125128 4684 37248189 3AF4A7992BDB3B00
272030303591504 8935303052410005502F 850010517 68C71D855ABB0A99149C61987E602DD6 2141 92231334 8150 79286516 AEA4D7E5E3273056
272030303591505 8935303052410005510F 850010518 1948495BB2D612B720BC8298FE5F0494 2165 49127077 1261 98755727 2324F181155CFA5C
272030303591506 8935303052410005528F 850010519 C4FEA7E4BB0E400EB3E9782EEA417357 1440 27737545 6223 77620009 D8862093430D211D