*************************************
*     HEADER DESCRIPTION   *
*************************************
Customer: METEOR MOBILE COMMUNICATIONS
Quantity: 5
Type: MULTISIM
Batch: 52

Address1: WAREHOUSE MANAGER
Address2: Exertis Ireland Ltd
Address3: M50 Business Park 
Address4: Ballymount Road Upper
Address5: Dublin 12
Address6: Ireland
Transport_Key: 010
Artwork: EIR_BUSINESS
SIM_Reference: MET PP013_LTE
*
****************************
*    INPUT VARIABLES       *
****************************
Var_In: IMSI/ICCID/MSISDN
****************************
*    OUTPUT VARIABLES      *
****************************
Var_Out: Ki/PIN1/PUK1/PIN2/PUK2/ADM1
***************************************
272030303591468 8935303052410000776F 0000000000 BB8C07D6C3B4102E15DC0EA8A8FD2DFB 1278 94256833 7973 25396038 B864C79A0E7C4166
272030303591469 8935303052410000784F 0000000000 C40CA49F95DD989032EC4A1C9A00E448 8246 15840396 4241 24705327 2F145BA84CDA1A41
272030303591470 8935303052410000792F 0000000000 CCE58539C615DC5EECAA64162265749D 7209 28372169 5443 57331990 7BD6DAF2CFFE2304
272030303591471 8935303052410000800F 0000000000 2B611402D992166A6941859856753411 3259 82348216 1319 58487882 39D47DE8D7A1C4E4
272030303591472 8935303052410000818F 0000000000 4820A9A6E04DE57F4FC3E48065E1D24E 6620 20272704 7979 82209031 93E0FC750EAAAC8F