*************************************
*     HEADER DESCRIPTION   *
*************************************
Customer: METEOR MOBILE COMMUNICATIONS
Quantity: 5
Type: MULTISIM
Batch: 51

Address1: WAREHOUSE MANAGER
Address2: Exertis Ireland Ltd
Address3: M50 Business Park 
Address4: Ballymount Road Upper
Address5: Dublin 12
Address6: Ireland
Transport_Key: 010
Artwork: EIR_BUSINESS
SIM_Reference: MET PP013_LTE
*
****************************
*    INPUT VARIABLES       *
****************************
Var_In: IMSI/ICCID/MSISDN
****************************
*    OUTPUT VARIABLES      *
****************************
Var_Out: Ki/PIN1/PUK1/PIN2/PUK2/ADM1
***************************************
272039700000190 8935303052410000727F 0000000000 3D4192EC1CCBD27E19ACE8E170612880 7969 92124643 3644 79298313 A4CCA2F4F3FD82A9
272039700000191 8935303052410000735F 0000000000 CFB9EB13DE2B3E708FED575B740240E3 5176 43587560 4157 72542909 872F9AB7AC0A8166
272039700000192 8935303052410000743F 0000000000 6EB3A1EA50804727B77F6550B8B84221 8119 89812653 7908 79803629 D2C06CF459AFF843
272039700000193 8935303052410000750F 0000000000 165EC67505B983E3CD56C7AF2E5714AC 2959 29778961 6396 24321257 44AE5BAE2EE01B63
272039700000194 8935303052410000768F 0000000000 AEED5EF3A5D452AEF50A3A8DA0B35044 5742 17326861 9307 13793668 A2D53ECA8A481DC5